2024-10-23 21:31:12,619 - INFO - Pipeline process started.
2024-10-23 21:31:12,619 - INFO - Starting PDF ingestion...
2024-10-23 21:31:12,620 - ERROR - Error occurred during pipeline processing: [WinError 3] The system cannot find the path specified: 'path_to_your_pdf_folder'
2024-10-23 21:31:46,409 - INFO - Pipeline process started.
2024-10-23 21:31:46,409 - INFO - Starting PDF ingestion...
2024-10-23 21:31:46,410 - ERROR - Error occurred during pipeline processing: name 'logging' is not defined
2024-10-23 21:39:19,872 - INFO - Pipeline process started.
2024-10-23 21:39:19,872 - INFO - Starting PDF ingestion...
2024-10-23 21:39:19,873 - ERROR - Failed to ingest corrupted_pdf.pdf: Failed to open file 'C:/Users/hp/OneDrive/Desktop\\corrupted_pdf.pdf'.
2024-10-23 21:39:20,135 - INFO - Successfully ingested: test_pdf_1.pdf
2024-10-23 21:39:20,171 - INFO - Successfully ingested: test_pdf_2.pdf
2024-10-23 21:39:20,457 - INFO - Successfully ingested: test_pdf_3.pdf
2024-10-23 21:39:20,492 - INFO - Successfully ingested: test_pdf_4.pdf
2024-10-23 21:39:20,493 - INFO - Summarizing PDFs and extracting keywords in parallel...
2024-10-23 21:39:20,810 - INFO - Summary for test_pdf_1.pdf updated successfully.
2024-10-23 21:39:20,838 - INFO - Summary for test_pdf_2.pdf updated successfully.
2024-10-23 21:39:20,867 - INFO - Summary for test_pdf_3.pdf updated successfully.
2024-10-23 21:39:20,896 - INFO - Summary for test_pdf_4.pdf updated successfully.
2024-10-23 21:39:21,165 - INFO - Summary for test_pdf_1.pdf updated successfully.
2024-10-23 21:39:21,447 - INFO - Summary for test_pdf_2.pdf updated successfully.
2024-10-23 21:39:21,478 - INFO - Summary for test_pdf_3.pdf updated successfully.
2024-10-23 21:39:21,493 - INFO - Keywords for test_pdf_1.pdf updated successfully.
2024-10-23 21:39:21,506 - INFO - Summary for test_pdf_4.pdf updated successfully.
2024-10-23 21:39:21,522 - INFO - Keywords for test_pdf_2.pdf updated successfully.
2024-10-23 21:39:21,536 - INFO - Summary for test_pdf_1.pdf updated successfully.
2024-10-23 21:39:21,551 - INFO - Keywords for test_pdf_3.pdf updated successfully.
2024-10-23 21:39:21,567 - INFO - Summary for test_pdf_2.pdf updated successfully.
2024-10-23 21:39:21,581 - INFO - Keywords for test_pdf_4.pdf updated successfully.
2024-10-23 21:39:21,596 - INFO - Summary for test_pdf_3.pdf updated successfully.
2024-10-23 21:39:21,608 - INFO - Keywords for test_pdf_1.pdf updated successfully.
2024-10-23 21:39:21,626 - INFO - Summary for test_pdf_4.pdf updated successfully.
2024-10-23 21:39:21,656 - INFO - Summary for test_pdf_1.pdf updated successfully.
2024-10-23 21:39:21,684 - INFO - Summary for test_pdf_2.pdf updated successfully.
2024-10-23 21:39:21,714 - INFO - Summary for test_pdf_3.pdf updated successfully.
2024-10-23 21:39:21,880 - INFO - Keywords for test_pdf_2.pdf updated successfully.
2024-10-23 21:39:21,907 - INFO - Keywords for test_pdf_3.pdf updated successfully.
2024-10-23 21:39:21,936 - INFO - Keywords for test_pdf_4.pdf updated successfully.
2024-10-23 21:39:21,964 - INFO - Keywords for test_pdf_1.pdf updated successfully.
2024-10-23 21:39:21,987 - INFO - Summary for test_pdf_4.pdf updated successfully.
2024-10-23 21:39:21,994 - INFO - Keywords for test_pdf_2.pdf updated successfully.
2024-10-23 21:39:22,016 - INFO - Summary for test_pdf_1.pdf updated successfully.
2024-10-23 21:39:22,028 - INFO - Keywords for test_pdf_3.pdf updated successfully.
2024-10-23 21:39:22,044 - INFO - Summary for test_pdf_2.pdf updated successfully.
2024-10-23 21:39:22,057 - INFO - Keywords for test_pdf_4.pdf updated successfully.
2024-10-23 21:39:22,074 - INFO - Summary for test_pdf_3.pdf updated successfully.
2024-10-23 21:39:22,091 - INFO - Keywords for test_pdf_1.pdf updated successfully.
2024-10-23 21:39:22,104 - INFO - Summary for test_pdf_4.pdf updated successfully.
2024-10-23 21:39:22,123 - INFO - Keywords for test_pdf_2.pdf updated successfully.
2024-10-23 21:39:22,135 - INFO - Summary for test_pdf_1.pdf updated successfully.
2024-10-23 21:39:22,150 - INFO - Keywords for test_pdf_3.pdf updated successfully.
2024-10-23 21:39:22,164 - INFO - Summary for test_pdf_2.pdf updated successfully.
2024-10-23 21:39:22,182 - INFO - Keywords for test_pdf_4.pdf updated successfully.
2024-10-23 21:39:22,195 - INFO - Summary for test_pdf_3.pdf updated successfully.
2024-10-23 21:39:22,211 - INFO - Keywords for test_pdf_1.pdf updated successfully.
2024-10-23 21:39:22,241 - INFO - Keywords for test_pdf_2.pdf updated successfully.
2024-10-23 21:39:22,271 - INFO - Keywords for test_pdf_3.pdf updated successfully.
2024-10-23 21:39:22,300 - INFO - Keywords for test_pdf_4.pdf updated successfully.
2024-10-23 21:39:22,459 - INFO - Summary for test_pdf_4.pdf updated successfully.
2024-10-23 21:39:22,489 - INFO - Summary for test_pdf_1.pdf updated successfully.
2024-10-23 21:39:22,518 - INFO - Summary for test_pdf_2.pdf updated successfully.
2024-10-23 21:39:22,549 - INFO - Summary for test_pdf_3.pdf updated successfully.
2024-10-23 21:39:22,584 - INFO - Summary for test_pdf_4.pdf updated successfully.
2024-10-23 21:39:22,585 - INFO - Keywords for test_pdf_1.pdf updated successfully.
2024-10-23 21:39:22,617 - INFO - Keywords for test_pdf_2.pdf updated successfully.
2024-10-23 21:39:22,617 - INFO - Summary for test_pdf_1.pdf updated successfully.
2024-10-23 21:39:22,645 - INFO - Keywords for test_pdf_3.pdf updated successfully.
2024-10-23 21:39:22,650 - INFO - Summary for test_pdf_2.pdf updated successfully.
2024-10-23 21:39:22,676 - INFO - Keywords for test_pdf_4.pdf updated successfully.
2024-10-23 21:39:22,680 - INFO - Summary for test_pdf_3.pdf updated successfully.
2024-10-23 21:39:22,704 - INFO - Keywords for test_pdf_1.pdf updated successfully.
2024-10-23 21:39:22,709 - INFO - Summary for test_pdf_4.pdf updated successfully.
2024-10-23 21:39:22,733 - INFO - Keywords for test_pdf_2.pdf updated successfully.
2024-10-23 21:39:22,764 - INFO - Keywords for test_pdf_3.pdf updated successfully.
2024-10-23 21:39:22,792 - INFO - Keywords for test_pdf_4.pdf updated successfully.
2024-10-23 21:39:22,822 - INFO - Keywords for test_pdf_1.pdf updated successfully.
2024-10-23 21:39:22,854 - INFO - Keywords for test_pdf_2.pdf updated successfully.
2024-10-23 21:39:22,887 - INFO - Keywords for test_pdf_3.pdf updated successfully.
2024-10-23 21:39:22,921 - INFO - Keywords for test_pdf_4.pdf updated successfully.
2024-10-23 21:39:22,923 - INFO - Pipeline completed in 3.0505144596099854 seconds.
2024-10-24 10:36:18,013 - INFO - Pipeline process started.
2024-10-24 10:36:18,014 - INFO - Starting PDF ingestion...
2024-10-24 10:36:18,043 - ERROR - Failed to ingest corrupted_pdf.pdf: Failed to open file 'C:/Users/hp/OneDrive/Desktop\\corrupted_pdf.pdf'.
2024-10-24 10:36:18,450 - INFO - Successfully ingested: test_pdf_1.pdf
2024-10-24 10:36:18,513 - INFO - Successfully ingested: test_pdf_2.pdf
2024-10-24 10:36:18,580 - INFO - Successfully ingested: test_pdf_3.pdf
2024-10-24 10:36:18,642 - INFO - Successfully ingested: test_pdf_4.pdf
2024-10-24 10:36:18,643 - INFO - Summarizing PDFs and extracting keywords in parallel...
2024-10-24 10:36:19,063 - INFO - Keywords for test_pdf_1.pdf updated successfully.
2024-10-24 10:36:19,074 - INFO - Summary for test_pdf_1.pdf updated successfully.
2024-10-24 10:36:19,104 - INFO - Keywords for test_pdf_2.pdf updated successfully.
2024-10-24 10:36:19,120 - INFO - Summary for test_pdf_2.pdf updated successfully.
2024-10-24 10:36:19,144 - INFO - Keywords for test_pdf_3.pdf updated successfully.
2024-10-24 10:36:19,168 - INFO - Summary for test_pdf_3.pdf updated successfully.
2024-10-24 10:36:19,186 - INFO - Keywords for test_pdf_4.pdf updated successfully.
2024-10-24 10:36:19,483 - INFO - Summary for test_pdf_4.pdf updated successfully.
2024-10-24 10:36:19,494 - INFO - Keywords for test_pdf_1.pdf updated successfully.
2024-10-24 10:36:19,530 - INFO - Summary for test_pdf_1.pdf updated successfully.
2024-10-24 10:36:19,534 - INFO - Keywords for test_pdf_2.pdf updated successfully.
2024-10-24 10:36:19,572 - INFO - Keywords for test_pdf_3.pdf updated successfully.
2024-10-24 10:36:19,576 - INFO - Summary for test_pdf_2.pdf updated successfully.
2024-10-24 10:36:19,611 - INFO - Keywords for test_pdf_4.pdf updated successfully.
2024-10-24 10:36:19,622 - INFO - Summary for test_pdf_3.pdf updated successfully.
2024-10-24 10:36:19,649 - INFO - Keywords for test_pdf_1.pdf updated successfully.
2024-10-24 10:36:19,668 - INFO - Summary for test_pdf_4.pdf updated successfully.
2024-10-24 10:36:19,688 - INFO - Keywords for test_pdf_2.pdf updated successfully.
2024-10-24 10:36:19,712 - INFO - Summary for test_pdf_1.pdf updated successfully.
2024-10-24 10:36:19,726 - INFO - Keywords for test_pdf_3.pdf updated successfully.
2024-10-24 10:36:19,760 - INFO - Summary for test_pdf_2.pdf updated successfully.
2024-10-24 10:36:19,764 - INFO - Keywords for test_pdf_4.pdf updated successfully.
2024-10-24 10:36:19,803 - INFO - Keywords for test_pdf_1.pdf updated successfully.
2024-10-24 10:36:19,807 - INFO - Summary for test_pdf_3.pdf updated successfully.
2024-10-24 10:36:19,842 - INFO - Keywords for test_pdf_2.pdf updated successfully.
2024-10-24 10:36:19,853 - INFO - Summary for test_pdf_4.pdf updated successfully.
2024-10-24 10:36:19,883 - INFO - Keywords for test_pdf_3.pdf updated successfully.
2024-10-24 10:36:19,899 - INFO - Summary for test_pdf_1.pdf updated successfully.
2024-10-24 10:36:19,920 - INFO - Keywords for test_pdf_4.pdf updated successfully.
2024-10-24 10:36:19,944 - INFO - Summary for test_pdf_2.pdf updated successfully.
2024-10-24 10:36:19,959 - INFO - Keywords for test_pdf_1.pdf updated successfully.
2024-10-24 10:36:19,992 - INFO - Summary for test_pdf_3.pdf updated successfully.
2024-10-24 10:36:19,997 - INFO - Keywords for test_pdf_2.pdf updated successfully.
2024-10-24 10:36:20,036 - INFO - Keywords for test_pdf_3.pdf updated successfully.
2024-10-24 10:36:20,041 - INFO - Summary for test_pdf_4.pdf updated successfully.
2024-10-24 10:36:20,075 - INFO - Keywords for test_pdf_4.pdf updated successfully.
2024-10-24 10:36:20,087 - INFO - Summary for test_pdf_1.pdf updated successfully.
2024-10-24 10:36:20,115 - INFO - Keywords for test_pdf_1.pdf updated successfully.
2024-10-24 10:36:20,134 - INFO - Summary for test_pdf_2.pdf updated successfully.
2024-10-24 10:36:20,155 - INFO - Keywords for test_pdf_2.pdf updated successfully.
2024-10-24 10:36:20,182 - INFO - Summary for test_pdf_3.pdf updated successfully.
2024-10-24 10:36:20,195 - INFO - Keywords for test_pdf_3.pdf updated successfully.
2024-10-24 10:36:20,229 - INFO - Summary for test_pdf_4.pdf updated successfully.
2024-10-24 10:36:20,233 - INFO - Keywords for test_pdf_4.pdf updated successfully.
2024-10-24 10:36:20,272 - INFO - Keywords for test_pdf_1.pdf updated successfully.
2024-10-24 10:36:20,274 - INFO - Summary for test_pdf_1.pdf updated successfully.
2024-10-24 10:36:20,310 - INFO - Keywords for test_pdf_2.pdf updated successfully.
2024-10-24 10:36:20,319 - INFO - Summary for test_pdf_2.pdf updated successfully.
2024-10-24 10:36:20,350 - INFO - Keywords for test_pdf_3.pdf updated successfully.
2024-10-24 10:36:20,365 - INFO - Summary for test_pdf_3.pdf updated successfully.
2024-10-24 10:36:20,390 - INFO - Keywords for test_pdf_4.pdf updated successfully.
2024-10-24 10:36:20,413 - INFO - Summary for test_pdf_4.pdf updated successfully.
2024-10-24 10:36:20,431 - INFO - Keywords for test_pdf_1.pdf updated successfully.
2024-10-24 10:36:20,460 - INFO - Summary for test_pdf_1.pdf updated successfully.
2024-10-24 10:36:20,509 - INFO - Summary for test_pdf_2.pdf updated successfully.
2024-10-24 10:36:20,556 - INFO - Summary for test_pdf_3.pdf updated successfully.
2024-10-24 10:36:20,604 - INFO - Summary for test_pdf_4.pdf updated successfully.
2024-10-24 10:36:20,651 - INFO - Summary for test_pdf_1.pdf updated successfully.
2024-10-24 10:36:20,701 - INFO - Summary for test_pdf_2.pdf updated successfully.
2024-10-24 10:36:20,737 - INFO - Keywords for test_pdf_2.pdf updated successfully.
2024-10-24 10:36:20,749 - INFO - Summary for test_pdf_3.pdf updated successfully.
2024-10-24 10:36:20,777 - INFO - Keywords for test_pdf_3.pdf updated successfully.
2024-10-24 10:36:20,797 - INFO - Summary for test_pdf_4.pdf updated successfully.
2024-10-24 10:36:20,816 - INFO - Keywords for test_pdf_4.pdf updated successfully.
2024-10-24 10:36:20,846 - INFO - Summary for test_pdf_1.pdf updated successfully.
2024-10-24 10:36:20,858 - INFO - Keywords for test_pdf_1.pdf updated successfully.
2024-10-24 10:36:20,896 - INFO - Summary for test_pdf_2.pdf updated successfully.
2024-10-24 10:36:20,900 - INFO - Keywords for test_pdf_2.pdf updated successfully.
2024-10-24 10:36:20,941 - INFO - Keywords for test_pdf_3.pdf updated successfully.
2024-10-24 10:36:20,944 - INFO - Summary for test_pdf_3.pdf updated successfully.
2024-10-24 10:36:20,983 - INFO - Keywords for test_pdf_4.pdf updated successfully.
2024-10-24 10:36:20,994 - INFO - Summary for test_pdf_4.pdf updated successfully.
2024-10-24 10:36:20,995 - INFO - Pipeline completed in 2.980881452560425 seconds.
